<?xml version="1.0" encoding="UTF-8"?>
<!-- Generated by org.testng.reporters.JUnitReportReporter -->
<testsuite hostname="nirav-Inspiron-3558" failures="0" tests="2" name="loginpagetest.TestLoginPage" time="23.075" errors="0" timestamp="2021-09-25T17:16:12 IST" skipped="0">
  <testcase classname="loginpagetest.TestLoginPage" name="testLoginWithValidCredential" time="17.377"/>
  <system-out/>
  <testcase classname="loginpagetest.TestLoginPage" name="testLoginWithInvalidCredential" time="5.698"/>
  <system-out/>
</testsuite> <!-- loginpagetest.TestLoginPage -->
